<?xml version="1.0" encoding="UTF-8"?>
<!-- Generated by org.testng.reporters.JUnitXMLReporter -->
<testsuite hostname="LAPTOP-D2GVCL39" ignored="4" name="Regression" tests="5" failures="0" timestamp="2022-05-03T21:59:19 IST" time="0.268" errors="0">
  <testcase name="verifyUserCanLoginWithValidCredentials" time="0.047" classname="annotation.Annotation2"/>
  <testcase name="verifyUserCanNotLoginWithInvalidCredentials" time="0.013" classname="annotation.Annotation2"/>
  <testcase name="A" time="0.001" classname="annotation.AnnotationInTestNG"/>
  <testcase name="B" time="0.011" classname="annotation.AnnotationInTestNG"/>
  <testcase name="verifyUserCanUploadFile" time="0.002" classname="annotation.AnnotationInTestNG"/>
  <testcase name="@AfterTest afterTest" time="0.0" classname="annotation.TestBase">
    <ignored/>
  </testcase> <!-- @AfterTest afterTest -->
  <testcase name="@BeforeTest beforeTest" time="0.0" classname="annotation.TestBase">
    <ignored/>
  </testcase> <!-- @BeforeTest beforeTest -->
  <testcase name="@AfterSuite afterSuite" time="0.0" classname="annotation.TestBase">
    <ignored/>
  </testcase> <!-- @AfterSuite afterSuite -->
  <testcase name="@BeforeSuite beforeSuite" time="0.0" classname="annotation.TestBase">
    <ignored/>
  </testcase> <!-- @BeforeSuite beforeSuite -->
</testsuite> <!-- Regression -->
