<?xml version="1.0" encoding="UTF-8"?>
<!-- Generated by org.testng.reporters.JUnitXMLReporter -->
<testsuite hostname="LAPTOP-D2GVCL39" ignored="0" name="Default test" tests="2" failures="0" timestamp="2022-05-03T21:51:00 IST" time="0.115" errors="0">
  <testcase name="verifyUserCanLoginWithValidCredentials" time="0.021" classname="annotation.Annotation2"/>
  <testcase name="verifyUserCanNotLoginWithInvalidCredentials" time="0.003" classname="annotation.Annotation2"/>
</testsuite> <!-- Default test -->
