<?xml version="1.0" encoding="UTF-8"?>
<testng-results skipped="0" failed="0" ignored="0" total="2" passed="2">
  <reporter-output>
  </reporter-output>
  <suite name="Default suite" duration-ms="172284" started-at="2022-05-06T22:02:00 IST" finished-at="2022-05-06T22:04:52 IST">
    <groups>
    </groups>
    <test name="Default test" duration-ms="172284" started-at="2022-05-06T22:02:00 IST" finished-at="2022-05-06T22:04:52 IST">
      <class name="dataprovider.DataProviderAnnotationForToolQA">
        <test-method status="PASS" signature="beforeClassMethod()[pri:0, instance:dataprovider.DataProviderAnnotationForToolQA@6497b078]" name="beforeClassMethod" is-config="true" duration-ms="105864" started-at="2022-05-06T22:02:00 IST" finished-at="2022-05-06T22:03:46 IST">
          <reporter-output>
          </reporter-output>
        </test-method> <!-- beforeClassMethod -->
        <test-method status="PASS" signature="addUserWithProvidedDetails(java.lang.String, java.lang.String, java.lang.String, java.lang.String, java.lang.String, java.lang.String)[pri:0, instance:dataprovider.DataProviderAnnotationForToolQA@6497b078]" name="addUserWithProvidedDetails" duration-ms="33478" started-at="2022-05-06T22:03:46 IST" data-provider="UserDetails" finished-at="2022-05-06T22:04:20 IST">
          <params>
            <param index="0">
              <value>
                <![CDATA[Amar]]>
              </value>
            </param>
            <param index="1">
              <value>
                <![CDATA[P]]>
              </value>
            </param>
            <param index="2">
              <value>
                <![CDATA[amar@p.com]]>
              </value>
            </param>
            <param index="3">
              <value>
                <![CDATA[23]]>
              </value>
            </param>
            <param index="4">
              <value>
                <![CDATA[23456]]>
              </value>
            </param>
            <param index="5">
              <value>
                <![CDATA[IT]]>
              </value>
            </param>
          </params>
          <reporter-output>
          </reporter-output>
        </test-method> <!-- addUserWithProvidedDetails -->
        <test-method status="PASS" signature="addUserWithProvidedDetails(java.lang.String, java.lang.String, java.lang.String, java.lang.String, java.lang.String, java.lang.String)[pri:0, instance:dataprovider.DataProviderAnnotationForToolQA@6497b078]" name="addUserWithProvidedDetails" duration-ms="32687" started-at="2022-05-06T22:04:20 IST" data-provider="UserDetails" finished-at="2022-05-06T22:04:52 IST">
          <params>
            <param index="0">
              <value>
                <![CDATA[Amol]]>
              </value>
            </param>
            <param index="1">
              <value>
                <![CDATA[G]]>
              </value>
            </param>
            <param index="2">
              <value>
                <![CDATA[amol@g.com]]>
              </value>
            </param>
            <param index="3">
              <value>
                <![CDATA[44]]>
              </value>
            </param>
            <param index="4">
              <value>
                <![CDATA[56787]]>
              </value>
            </param>
            <param index="5">
              <value>
                <![CDATA[Finance]]>
              </value>
            </param>
          </params>
          <reporter-output>
          </reporter-output>
        </test-method> <!-- addUserWithProvidedDetails -->
      </class> <!-- dataprovider.DataProviderAnnotationForToolQA -->
    </test> <!-- Default test -->
  </suite> <!-- Default suite -->
</testng-results>
